#
# There is insufficient memory for the Java Runtime Environment to continue.
# Native memory allocation (malloc) failed to allocate 329856 bytes for Chunk::new
# Possible reasons:
#   The system is out of physical RAM or swap space
#   The process is running with CompressedOops enabled, and the Java Heap may be blocking the growth of the native heap
# Possible solutions:
#   Reduce memory load on the system
#   Increase physical memory or swap space
#   Check if swap backing store is full
#   Decrease Java heap size (-Xmx/-Xms)
#   Decrease number of Java threads
#   Decrease Java thread stack sizes (-Xss)
#   Set larger code cache with -XX:ReservedCodeCacheSize=
#   JVM is running with Unscaled Compressed Oops mode in which the Java heap is
#     placed in the first 4GB address space. The Java Heap base address is the
#     maximum limit for the native heap growth. Please use -XX:HeapBaseMinAddress
#     to set the Java Heap base and to place the Java Heap above 4GB virtual address.
# This output file may be truncated or incomplete.
#
#  Out of Memory Error (allocation.cpp:389), pid=2884, tid=0x0000000000000c44
#
# JRE version: OpenJDK Runtime Environment (8.0_242-b01) (build 1.8.0_242-release-1644-b01)
# Java VM: OpenJDK 64-Bit Server VM (25.242-b01 mixed mode windows-amd64 compressed oops)
# Failed to write core dump. Minidumps are not enabled by default on client versions of Windows
#

---------------  T H R E A D  ---------------

Current thread (0x00000000175d4000):  JavaThread "C2 CompilerThread0" daemon [_thread_in_native, id=3140, stack(0x0000000018610000,0x0000000018710000)]

Stack: [0x0000000018610000,0x0000000018710000]
[error occurred during error reporting (printing stack bounds), id 0xc0000005]

Native frames: (J=compiled Java code, j=interpreted, Vv=VM code, C=native code)


Current CompileTask:
C2:  23970 3487 %     4       sun.nio.fs.WindowsPathParser::normalize @ 18 (233 bytes)


---------------  P R O C E S S  ---------------

Java Threads: ( => current thread )
  0x000000001b213000 JavaThread "Build operations Thread 2" [_thread_blocked, id=6916, stack(0x0000000020580000,0x0000000020680000)]
  0x000000001b20b800 JavaThread "Build operations" [_thread_blocked, id=5700, stack(0x0000000020480000,0x0000000020580000)]
  0x0000000018bf2800 JavaThread "Cache worker for execution history cache (C:\Users\wlan\.gradle\caches\6.1.1\executionHistory)" [_thread_blocked, id=6060, stack(0x000000001e760000,0x000000001e860000)]
  0x0000000018bf1800 JavaThread "Cache worker for cache directory md-rule (C:\Users\wlan\.gradle\caches\6.1.1\md-rule)" [_thread_blocked, id=7028, stack(0x000000001e660000,0x000000001e760000)]
  0x0000000018bf1000 JavaThread "Cache worker for cache directory md-supplier (C:\Users\wlan\.gradle\caches\6.1.1\md-supplier)" [_thread_blocked, id=2548, stack(0x000000001e560000,0x000000001e660000)]
  0x0000000018bf7800 JavaThread "Cache worker for file hash cache (C:\Users\wlan\AndroidStudioProjects\NocusCountries\.gradle\6.1.1\fileHashes)" [_thread_blocked, id=1332, stack(0x000000001e060000,0x000000001e160000)]
  0x0000000018bf7000 JavaThread "Cache worker for checksums cache (C:\Users\wlan\AndroidStudioProjects\NocusCountries\.gradle\checksums)" [_thread_blocked, id=6948, stack(0x000000001cd30000,0x000000001ce30000)]
  0x0000000018bf5800 JavaThread "Cache worker for file hash cache (C:\Users\wlan\.gradle\caches\6.1.1\fileHashes)" [_thread_in_Java, id=2036, stack(0x000000001cc30000,0x000000001cd30000)]
  0x0000000018bf6000 JavaThread "File lock request listener" [_thread_in_native, id=1868, stack(0x000000001cb30000,0x000000001cc30000)]
  0x0000000018ad2800 JavaThread "Cache worker for journal cache (C:\Users\wlan\.gradle\caches\journal-1)" [_thread_blocked, id=6464, stack(0x000000001ca30000,0x000000001cb30000)]
  0x00000000199aa000 JavaThread "Thread-9" [_thread_blocked, id=5060, stack(0x000000001c730000,0x000000001c830000)]
  0x0000000019998800 JavaThread "Stdin handler" [_thread_blocked, id=2564, stack(0x000000001c630000,0x000000001c730000)]
  0x0000000019998000 JavaThread "Asynchronous log dispatcher for DefaultDaemonConnection: socket connection from /127.0.0.1:50536 to /127.0.0.1:50537" [_thread_blocked, id=5232, stack(0x000000001c530000,0x000000001c630000)]
  0x0000000019991000 JavaThread "Daemon worker" [_thread_in_native, id=2668, stack(0x000000001c430000,0x000000001c530000)]
  0x0000000019986000 JavaThread "Cancel handler" [_thread_blocked, id=3452, stack(0x000000001c330000,0x000000001c430000)]
  0x00000000192e1800 JavaThread "Handler for socket connection from /127.0.0.1:50536 to /127.0.0.1:50537" [_thread_in_native, id=5696, stack(0x000000001c030000,0x000000001c130000)]
  0x00000000192de800 JavaThread "Daemon" [_thread_blocked, id=6292, stack(0x000000001bf30000,0x000000001c030000)]
  0x000000001974f800 JavaThread "Daemon periodic checks" [_thread_blocked, id=32, stack(0x000000001be30000,0x000000001bf30000)]
  0x0000000019006000 JavaThread "Incoming local TCP Connector on port 50536" [_thread_in_native, id=3412, stack(0x000000001bbf0000,0x000000001bcf0000)]
  0x000000001a52a800 JavaThread "Daemon health stats" [_thread_blocked, id=2752, stack(0x000000001a5e0000,0x000000001a6e0000)]
  0x000000001762d000 JavaThread "Service Thread" daemon [_thread_blocked, id=3848, stack(0x0000000018810000,0x0000000018910000)]
  0x0000000017628800 JavaThread "C1 CompilerThread1" daemon [_thread_blocked, id=5028, stack(0x0000000018710000,0x0000000018810000)]
=>0x00000000175d4000 JavaThread "C2 CompilerThread0" daemon [_thread_in_native, id=3140, stack(0x0000000018610000,0x0000000018710000)]
  0x00000000175d3000 JavaThread "Attach Listener" daemon [_thread_blocked, id=4516, stack(0x0000000018510000,0x0000000018610000)]
  0x00000000175ce800 JavaThread "Signal Dispatcher" daemon [_thread_blocked, id=1692, stack(0x0000000018410000,0x0000000018510000)]
  0x0000000002be1800 JavaThread "Finalizer" daemon [_thread_blocked, id=4508, stack(0x0000000018210000,0x0000000018310000)]
  0x00000000175b7000 JavaThread "Reference Handler" daemon [_thread_blocked, id=1104, stack(0x0000000018110000,0x0000000018210000)]
  0x00000000029dd800 JavaThread "main" [_thread_blocked, id=5788, stack(0x00000000029f0000,0x0000000002af0000)]

Other Threads:
  0x0000000017594800 VMThread [stack: 0x0000000018010000,0x0000000018110000] [id=6216]
  0x0000000017630000 WatcherThread [stack: 0x0000000018910000,0x0000000018a10000] [id=5836]

VM state:not at safepoint (normal execution)

VM Mutex/Monitor currently owned by a thread: None

heap address: 0x0000000080000000, size: 2048 MB, Compressed Oops mode: 32-bit
Narrow klass base: 0x0000000000000000, Narrow klass shift: 3
Compressed class space size: 1073741824 Address: 0x0000000100000000

Heap:
 PSYoungGen      total 121344K, used 31184K [0x00000000d5580000, 0x00000000dd480000, 0x0000000100000000)
  eden space 112640K, 27% used [0x00000000d5580000,0x00000000d73f41d0,0x00000000dc380000)
  from space 8704K, 0% used [0x00000000dcc00000,0x00000000dcc00000,0x00000000dd480000)
  to   space 8704K, 0% used [0x00000000dc380000,0x00000000dc380000,0x00000000dcc00000)
 ParOldGen       total 54784K, used 16262K [0x0000000080000000, 0x0000000083580000, 0x00000000d5580000)
  object space 54784K, 29% used [0x0000000080000000,0x0000000080fe18f0,0x0000000083580000)
 Metaspace       used 35618K, capacity 36714K, committed 36904K, reserved 1081344K
  class space    used 4882K, capacity 5154K, committed 5168K, reserved 1048576K

Card table byte_map: [0x0000000011fb0000,0x00000000123c0000] byte_map_base: 0x0000000011bb0000

Marking Bits: (ParMarkBitMap*) 0x000000006e0bf030
 Begin Bits: [0x0000000012870000, 0x0000000014870000)
 End Bits:   [0x0000000014870000, 0x0000000016870000)

Polling page: 0x00000000009d0000

CodeCache: size=245760Kb used=11183Kb max_used=11183Kb free=234576Kb
 bounds [0x0000000002bf0000, 0x00000000036f0000, 0x0000000011bf0000]
 total_blobs=3978 nmethods=3278 adapters=614
 compilation: enabled

Compilation events (10 events):
Event: 23.937 Thread 0x0000000017628800 nmethod 3496 0x00000000036cf5d0 code [0x00000000036cf740, 0x00000000036cf990]
Event: 23.937 Thread 0x0000000017628800 3497       3       org.gradle.internal.snapshot.VfsRelativePath::suffixStartingFrom (18 bytes)
Event: 23.937 Thread 0x0000000017628800 nmethod 3497 0x00000000036cfa90 code [0x00000000036cfc00, 0x00000000036cfe90]
Event: 23.938 Thread 0x0000000017628800 3498       3       org.gradle.cache.internal.btree.FileBackedBlockStore$BlockImpl::setPos (34 bytes)
Event: 23.938 Thread 0x0000000017628800 nmethod 3498 0x00000000036cff90 code [0x00000000036d00e0, 0x00000000036d0250]
Event: 23.938 Thread 0x0000000017628800 3499       3       org.gradle.cache.internal.btree.FileBackedBlockStore$BlockImpl::read (176 bytes)
Event: 23.944 Thread 0x0000000017628800 nmethod 3499 0x00000000036d02d0 code [0x00000000036d0900, 0x00000000036d5068]
Event: 23.945 Thread 0x0000000017628800 3500       3       org.gradle.cache.internal.btree.ByteInput$ResettableBufferedInputStream::clear (11 bytes)
Event: 23.945 Thread 0x0000000017628800 nmethod 3500 0x00000000036d8750 code [0x00000000036d88a0, 0x00000000036d8a10]
Event: 23.945 Thread 0x0000000017628800 3501       3       com.google.common.io.CountingInputStream::<init> (19 bytes)

GC Heap History (10 events):
Event: 12.888 GC heap before
{Heap before GC invocations=8 (full 0):
 PSYoungGen      total 61952K, used 30921K [0x00000000d5580000, 0x00000000dd480000, 0x0000000100000000)
  eden space 56320K, 44% used [0x00000000d5580000,0x00000000d6e34178,0x00000000d8c80000)
  from space 5632K, 99% used [0x00000000d8c80000,0x00000000d91fe658,0x00000000d9200000)
  to   space 8704K, 0% used [0x00000000dcc00000,0x00000000dcc00000,0x00000000dd480000)
 ParOldGen       total 36864K, used 8999K [0x0000000080000000, 0x0000000082400000, 0x00000000d5580000)
  object space 36864K, 24% used [0x0000000080000000,0x00000000808c9f90,0x0000000082400000)
 Metaspace       used 20598K, capacity 21224K, committed 21296K, reserved 1067008K
  class space    used 2876K, capacity 3084K, committed 3120K, reserved 1048576K
Event: 12.909 GC heap after
Heap after GC invocations=8 (full 0):
 PSYoungGen      total 121344K, used 6030K [0x00000000d5580000, 0x00000000dd480000, 0x0000000100000000)
  eden space 112640K, 0% used [0x00000000d5580000,0x00000000d5580000,0x00000000dc380000)
  from space 8704K, 69% used [0x00000000dcc00000,0x00000000dd1e3b88,0x00000000dd480000)
  to   space 8704K, 0% used [0x00000000dc380000,0x00000000dc380000,0x00000000dcc00000)
 ParOldGen       total 36864K, used 9551K [0x0000000080000000, 0x0000000082400000, 0x00000000d5580000)
  object space 36864K, 25% used [0x0000000080000000,0x0000000080953f90,0x0000000082400000)
 Metaspace       used 20598K, capacity 21224K, committed 21296K, reserved 1067008K
  class space    used 2876K, capacity 3084K, committed 3120K, reserved 1048576K
}
Event: 12.909 GC heap before
{Heap before GC invocations=9 (full 1):
 PSYoungGen      total 121344K, used 6030K [0x00000000d5580000, 0x00000000dd480000, 0x0000000100000000)
  eden space 112640K, 0% used [0x00000000d5580000,0x00000000d5580000,0x00000000dc380000)
  from space 8704K, 69% used [0x00000000dcc00000,0x00000000dd1e3b88,0x00000000dd480000)
  to   space 8704K, 0% used [0x00000000dc380000,0x00000000dc380000,0x00000000dcc00000)
 ParOldGen       total 36864K, used 9551K [0x0000000080000000, 0x0000000082400000, 0x00000000d5580000)
  object space 36864K, 25% used [0x0000000080000000,0x0000000080953f90,0x0000000082400000)
 Metaspace       used 20598K, capacity 21224K, committed 21296K, reserved 1067008K
  class space    used 2876K, capacity 3084K, committed 3120K, reserved 1048576K
Event: 13.043 GC heap after
Heap after GC invocations=9 (full 1):
 PSYoungGen      total 121344K, used 0K [0x00000000d5580000, 0x00000000dd480000, 0x0000000100000000)
  eden space 112640K, 0% used [0x00000000d5580000,0x00000000d5580000,0x00000000dc380000)
  from space 8704K, 0% used [0x00000000dcc00000,0x00000000dcc00000,0x00000000dd480000)
  to   space 8704K, 0% used [0x00000000dc380000,0x00000000dc380000,0x00000000dcc00000)
 ParOldGen       total 33792K, used 8577K [0x0000000080000000, 0x0000000082100000, 0x00000000d5580000)
  object space 33792K, 25% used [0x0000000080000000,0x0000000080860608,0x0000000082100000)
 Metaspace       used 20598K, capacity 21224K, committed 21296K, reserved 1067008K
  class space    used 2876K, capacity 3084K, committed 3120K, reserved 1048576K
}
Event: 19.118 GC heap before
{Heap before GC invocations=10 (full 1):
 PSYoungGen      total 121344K, used 112640K [0x00000000d5580000, 0x00000000dd480000, 0x0000000100000000)
  eden space 112640K, 100% used [0x00000000d5580000,0x00000000dc380000,0x00000000dc380000)
  from space 8704K, 0% used [0x00000000dcc00000,0x00000000dcc00000,0x00000000dd480000)
  to   space 8704K, 0% used [0x00000000dc380000,0x00000000dc380000,0x00000000dcc00000)
 ParOldGen       total 33792K, used 8577K [0x0000000080000000, 0x0000000082100000, 0x00000000d5580000)
  object space 33792K, 25% used [0x0000000080000000,0x0000000080860608,0x0000000082100000)
 Metaspace       used 31833K, capacity 32586K, committed 32816K, reserved 1077248K
  class space    used 4326K, capacity 4540K, committed 4656K, reserved 1048576K
Event: 19.169 GC heap after
Heap after GC invocations=10 (full 1):
 PSYoungGen      total 121344K, used 8678K [0x00000000d5580000, 0x00000000dd480000, 0x0000000100000000)
  eden space 112640K, 0% used [0x00000000d5580000,0x00000000d5580000,0x00000000dc380000)
  from space 8704K, 99% used [0x00000000dc380000,0x00000000dcbf9a18,0x00000000dcc00000)
  to   space 8704K, 0% used [0x00000000dcc00000,0x00000000dcc00000,0x00000000dd480000)
 ParOldGen       total 33792K, used 12099K [0x0000000080000000, 0x0000000082100000, 0x00000000d5580000)
  object space 33792K, 35% used [0x0000000080000000,0x0000000080bd0c40,0x0000000082100000)
 Metaspace       used 31833K, capacity 32586K, committed 32816K, reserved 1077248K
  class space    used 4326K, capacity 4540K, committed 4656K, reserved 1048576K
}
Event: 21.795 GC heap before
{Heap before GC invocations=11 (full 1):
 PSYoungGen      total 121344K, used 78437K [0x00000000d5580000, 0x00000000dd480000, 0x0000000100000000)
  eden space 112640K, 61% used [0x00000000d5580000,0x00000000d999fdb8,0x00000000dc380000)
  from space 8704K, 99% used [0x00000000dc380000,0x00000000dcbf9a18,0x00000000dcc00000)
  to   space 8704K, 0% used [0x00000000dcc00000,0x00000000dcc00000,0x00000000dd480000)
 ParOldGen       total 33792K, used 12099K [0x0000000080000000, 0x0000000082100000, 0x00000000d5580000)
  object space 33792K, 35% used [0x0000000080000000,0x0000000080bd0c40,0x0000000082100000)
 Metaspace       used 34539K, capacity 35406K, committed 35496K, reserved 1079296K
  class space    used 4734K, capacity 4998K, committed 5040K, reserved 1048576K
Event: 21.820 GC heap after
Heap after GC invocations=11 (full 1):
 PSYoungGen      total 121344K, used 8676K [0x00000000d5580000, 0x00000000dd480000, 0x0000000100000000)
  eden space 112640K, 0% used [0x00000000d5580000,0x00000000d5580000,0x00000000dc380000)
  from space 8704K, 99% used [0x00000000dcc00000,0x00000000dd4792e8,0x00000000dd480000)
  to   space 8704K, 0% used [0x00000000dc380000,0x00000000dc380000,0x00000000dcc00000)
 ParOldGen       total 33792K, used 13058K [0x0000000080000000, 0x0000000082100000, 0x00000000d5580000)
  object space 33792K, 38% used [0x0000000080000000,0x0000000080cc0bc8,0x0000000082100000)
 Metaspace       used 34539K, capacity 35406K, committed 35496K, reserved 1079296K
  class space    used 4734K, capacity 4998K, committed 5040K, reserved 1048576K
}
Event: 21.820 GC heap before
{Heap before GC invocations=12 (full 2):
 PSYoungGen      total 121344K, used 8676K [0x00000000d5580000, 0x00000000dd480000, 0x0000000100000000)
  eden space 112640K, 0% used [0x00000000d5580000,0x00000000d5580000,0x00000000dc380000)
  from space 8704K, 99% used [0x00000000dcc00000,0x00000000dd4792e8,0x00000000dd480000)
  to   space 8704K, 0% used [0x00000000dc380000,0x00000000dc380000,0x00000000dcc00000)
 ParOldGen       total 33792K, used 13058K [0x0000000080000000, 0x0000000082100000, 0x00000000d5580000)
  object space 33792K, 38% used [0x0000000080000000,0x0000000080cc0bc8,0x0000000082100000)
 Metaspace       used 34539K, capacity 35406K, committed 35496K, reserved 1079296K
  class space    used 4734K, capacity 4998K, committed 5040K, reserved 1048576K
Event: 21.972 GC heap after
Heap after GC invocations=12 (full 2):
 PSYoungGen      total 121344K, used 0K [0x00000000d5580000, 0x00000000dd480000, 0x0000000100000000)
  eden space 112640K, 0% used [0x00000000d5580000,0x00000000d5580000,0x00000000dc380000)
  from space 8704K, 0% used [0x00000000dcc00000,0x00000000dcc00000,0x00000000dd480000)
  to   space 8704K, 0% used [0x00000000dc380000,0x00000000dc380000,0x00000000dcc00000)
 ParOldGen       total 54784K, used 16262K [0x0000000080000000, 0x0000000083580000, 0x00000000d5580000)
  object space 54784K, 29% used [0x0000000080000000,0x0000000080fe18f0,0x0000000083580000)
 Metaspace       used 34539K, capacity 35406K, committed 35496K, reserved 1079296K
  class space    used 4734K, capacity 4998K, committed 5040K, reserved 1048576K
}

Deoptimization events (10 events):
Event: 17.066 Thread 0x0000000019991000 Uncommon trap: reason=class_check action=maybe_recompile pc=0x000000000330b0e0 method=sun.misc.URLClassPath.getLoader(I)Lsun/misc/URLClassPath$Loader; @ 239
Event: 17.066 Thread 0x0000000019991000 Uncommon trap: reason=unstable_if action=reinterpret pc=0x000000000314d86c method=java.lang.String.regionMatches(ZILjava/lang/String;II)Z @ 41
Event: 17.124 Thread 0x0000000019991000 Uncommon trap: reason=class_check action=maybe_recompile pc=0x000000000330b0e0 method=sun.misc.URLClassPath.getLoader(I)Lsun/misc/URLClassPath$Loader; @ 239
Event: 17.278 Thread 0x0000000019991000 Uncommon trap: reason=unstable_if action=reinterpret pc=0x0000000002d0830c method=java.lang.Class$MethodArray.addIfNotPresent(Ljava/lang/reflect/Method;)V @ 19
Event: 18.050 Thread 0x0000000019991000 Uncommon trap: reason=unstable_if action=reinterpret pc=0x0000000002e7e68c method=java.util.HashMap.getNode(ILjava/lang/Object;)Ljava/util/HashMap$Node; @ 53
Event: 18.051 Thread 0x0000000019991000 Uncommon trap: reason=unstable_if action=reinterpret pc=0x00000000030d8188 method=java.util.HashMap.hash(Ljava/lang/Object;)I @ 1
Event: 18.409 Thread 0x0000000019991000 Uncommon trap: reason=unstable_if action=reinterpret pc=0x0000000003439370 method=org.gradle.internal.reflect.PropertyAccessorType.isGetGetterName(Ljava/lang/String;)Z @ 14
Event: 18.506 Thread 0x0000000019991000 Uncommon trap: reason=unstable_if action=reinterpret pc=0x00000000032da8c0 method=org.objectweb.asm.ByteVector.putShort(I)Lorg/objectweb/asm/ByteVector; @ 13
Event: 18.817 Thread 0x0000000019991000 Uncommon trap: reason=class_check action=maybe_recompile pc=0x000000000330a5d4 method=sun.misc.URLClassPath.getLoader(I)Lsun/misc/URLClassPath$Loader; @ 94
Event: 19.170 Thread 0x00000000175b7000 Uncommon trap: reason=unstable_if action=reinterpret pc=0x00000000031f957c method=java.lang.ref.Reference.tryHandlePending(Z)Z @ 104

Classes redefined (0 events):
No events

Internal exceptions (10 events):
Event: 20.521 Thread 0x0000000019991000 Exception <a 'java/lang/ClassNotFoundException': groovy/lang/GStringBeanInfo> (0x00000000d7460f48) thrown at [C:\src\AOSP-openjdk-git\hotspot\src\share\vm\classfile\systemDictionary.cpp, line 210]
Event: 20.522 Thread 0x0000000019991000 Exception <a 'java/lang/ClassNotFoundException': groovy/lang/GStringCustomizer> (0x00000000d7483ae0) thrown at [C:\src\AOSP-openjdk-git\hotspot\src\share\vm\classfile\systemDictionary.cpp, line 210]
Event: 20.525 Thread 0x0000000019991000 Exception <a 'java/lang/ClassNotFoundException': groovy/lang/GString$1Customizer> (0x00000000d74b2b30) thrown at [C:\src\AOSP-openjdk-git\hotspot\src\share\vm\classfile\systemDictionary.cpp, line 210]
Event: 20.553 Thread 0x0000000019991000 Exception <a 'java/lang/ClassNotFoundException': org/codehaus/groovy/runtime/GStringImplBeanInfo> (0x00000000d7562f60) thrown at [C:\src\AOSP-openjdk-git\hotspot\src\share\vm\classfile\systemDictionary.cpp, line 210]
Event: 20.555 Thread 0x0000000019991000 Exception <a 'java/lang/ClassNotFoundException': org/codehaus/groovy/runtime/GStringImplCustomizer> (0x00000000d7590048) thrown at [C:\src\AOSP-openjdk-git\hotspot\src\share\vm\classfile\systemDictionary.cpp, line 210]
Event: 21.420 Thread 0x0000000019991000 Exception <a 'java/lang/IncompatibleClassChangeError': Found class java.lang.Object, but interface was expected> (0x00000000d8fb1888) thrown at [C:\src\AOSP-openjdk-git\hotspot\src\share\vm\interpreter\linkResolver.cpp, line 653]
Event: 21.429 Thread 0x0000000019991000 Exception <a 'java/lang/NoSuchMethodError': java.lang.Object.lambda$comparing$77a9974f$1(Ljava/util/function/Function;Ljava/lang/Object;Ljava/lang/Object;)I> (0x00000000d8fbcde8) thrown at [C:\src\AOSP-openjdk-git\hotspot\src\share\vm\interpreter\linkReso
Event: 21.436 Thread 0x0000000019991000 Exception <a 'java/lang/NoSuchMethodError': java.lang.Object.lambda$thenComparing$36697e65$1(Ljava/util/Comparator;Ljava/lang/Object;Ljava/lang/Object;)I> (0x00000000d8fd1010) thrown at [C:\src\AOSP-openjdk-git\hotspot\src\share\vm\interpreter\linkResolve
Event: 21.443 Thread 0x0000000019991000 Exception <a 'java/lang/NoSuchMethodError': java.lang.Object.lambda$comparing$ea9a8b3a$1(Ljava/util/Comparator;Ljava/util/function/Function;Ljava/lang/Object;Ljava/lang/Object;)I> (0x00000000d8fe8220) thrown at [C:\src\AOSP-openjdk-git\hotspot\src\share\v
Event: 23.405 Thread 0x0000000019991000 Exception <a 'java/lang/NoSuchMethodError': java.lang.Object.lambda$static$0(Lorg/gradle/api/internal/artifacts/ivyservice/resolveengine/artifact/ArtifactVisitor;)V> (0x00000000d68218f8) thrown at [C:\src\AOSP-openjdk-git\hotspot\src\share\vm\interpreter\

Events (10 events):
Event: 23.854 loading class org/gradle/internal/snapshot/FileSystemNode
Event: 23.854 loading class org/gradle/internal/snapshot/FileSystemNode done
Event: 23.854 loading class org/gradle/internal/snapshot/VfsRelativePath
Event: 23.854 loading class org/gradle/internal/snapshot/VfsRelativePath done
Event: 23.855 loading class org/gradle/internal/snapshot/SearchUtil
Event: 23.855 loading class org/gradle/internal/snapshot/SearchUtil done
Event: 23.888 loading class org/gradle/internal/snapshot/VfsRelativePath
Event: 23.888 loading class org/gradle/internal/snapshot/VfsRelativePath done
Event: 23.888 loading class org/gradle/internal/snapshot/VfsRelativePath
Event: 23.888 loading class org/gradle/internal/snapshot/VfsRelativePath done


Dynamic libraries:
0x00007ff752cc0000 - 0x00007ff752cf1000 	C:\Program Files\Android\Android Studio\jre\bin\java.exe
0x00007ffdf4b60000 - 0x00007ffdf4d50000 	C:\Windows\SYSTEM32\ntdll.dll
0x00007ffdf2ed0000 - 0x00007ffdf2f82000 	C:\Windows\System32\KERNEL32.DLL
0x00007ffdf1f10000 - 0x00007ffdf21b4000 	C:\Windows\System32\KERNELBASE.dll
0x00007ffdf4000000 - 0x00007ffdf40a3000 	C:\Windows\System32\ADVAPI32.dll
0x00007ffdf2c10000 - 0x00007ffdf2cae000 	C:\Windows\System32\msvcrt.dll
0x00007ffdf47a0000 - 0x00007ffdf4837000 	C:\Windows\System32\sechost.dll
0x00007ffdf49e0000 - 0x00007ffdf4b00000 	C:\Windows\System32\RPCRT4.dll
0x00007ffdf31b0000 - 0x00007ffdf3345000 	C:\Windows\System32\USER32.dll
0x00007ffdf21f0000 - 0x00007ffdf2211000 	C:\Windows\System32\win32u.dll
0x00007ffdf3f20000 - 0x00007ffdf3f46000 	C:\Windows\System32\GDI32.dll
0x00007ffdf1d70000 - 0x00007ffdf1f06000 	C:\Windows\System32\gdi32full.dll
0x00007ffdf1c50000 - 0x00007ffdf1cee000 	C:\Windows\System32\msvcp_win.dll
0x00007ffdf2b10000 - 0x00007ffdf2c0a000 	C:\Windows\System32\ucrtbase.dll
0x00007ffdde6d0000 - 0x00007ffdde954000 	C:\Windows\WinSxS\amd64_microsoft.windows.common-controls_6595b64144ccf1df_6.0.18362.1016_none_9e7a36bbe461dae4\COMCTL32.dll
0x00007ffdf4330000 - 0x00007ffdf4665000 	C:\Windows\System32\combase.dll
0x00007ffdf1cf0000 - 0x00007ffdf1d70000 	C:\Windows\System32\bcryptPrimitives.dll
0x00007ffdf3170000 - 0x00007ffdf319e000 	C:\Windows\System32\IMM32.DLL
0x000000006d730000 - 0x000000006d802000 	C:\Program Files\Android\Android Studio\jre\jre\bin\msvcr100.dll
0x000000006d8f0000 - 0x000000006e13b000 	C:\Program Files\Android\Android Studio\jre\jre\bin\server\jvm.dll
0x00007ffdf4b00000 - 0x00007ffdf4b08000 	C:\Windows\System32\PSAPI.DLL
0x00007ffde4230000 - 0x00007ffde4239000 	C:\Windows\SYSTEM32\WSOCK32.dll
0x00007ffdf4110000 - 0x00007ffdf417f000 	C:\Windows\System32\WS2_32.dll
0x00007ffdef2f0000 - 0x00007ffdef314000 	C:\Windows\SYSTEM32\WINMM.dll
0x00007ffde2cb0000 - 0x00007ffde2cba000 	C:\Windows\SYSTEM32\VERSION.dll
0x00007ffdef2c0000 - 0x00007ffdef2ed000 	C:\Windows\SYSTEM32\winmmbase.dll
0x00007ffdf2a60000 - 0x00007ffdf2aaa000 	C:\Windows\System32\cfgmgr32.dll
0x00007ffdedac0000 - 0x00007ffdedacf000 	C:\Program Files\Android\Android Studio\jre\jre\bin\verify.dll
0x00007ffdd7e00000 - 0x00007ffdd7e29000 	C:\Program Files\Android\Android Studio\jre\jre\bin\java.dll
0x00007ffded9f0000 - 0x00007ffdeda06000 	C:\Program Files\Android\Android Studio\jre\jre\bin\zip.dll
0x00007ffdf37c0000 - 0x00007ffdf3ea7000 	C:\Windows\System32\SHELL32.dll
0x00007ffdf4670000 - 0x00007ffdf4719000 	C:\Windows\System32\shcore.dll
0x00007ffdf22d0000 - 0x00007ffdf2a52000 	C:\Windows\System32\windows.storage.dll
0x00007ffdf1a20000 - 0x00007ffdf1a43000 	C:\Windows\System32\profapi.dll
0x00007ffdf1a90000 - 0x00007ffdf1ada000 	C:\Windows\System32\powrprof.dll
0x00007ffdf1a10000 - 0x00007ffdf1a20000 	C:\Windows\System32\UMPDC.dll
0x00007ffdf40b0000 - 0x00007ffdf4102000 	C:\Windows\System32\shlwapi.dll
0x00007ffdf1a70000 - 0x00007ffdf1a81000 	C:\Windows\System32\kernel.appcore.dll
0x00007ffdf1c30000 - 0x00007ffdf1c47000 	C:\Windows\System32\cryptsp.dll
0x00007ffde8160000 - 0x00007ffde817a000 	C:\Program Files\Android\Android Studio\jre\jre\bin\net.dll
0x00007ffdf11c0000 - 0x00007ffdf1227000 	C:\Windows\system32\mswsock.dll
0x00007ffddfc30000 - 0x00007ffddfc43000 	C:\Program Files\Android\Android Studio\jre\jre\bin\nio.dll
0x00007ffdec850000 - 0x00007ffdec876000 	C:\Users\wlan\.gradle\native\31\windows-amd64\native-platform.dll
0x00007ffdedab0000 - 0x00007ffdedabd000 	C:\Program Files\Android\Android Studio\jre\jre\bin\management.dll
0x00007ffdf0d40000 - 0x00007ffdf0d73000 	C:\Windows\system32\rsaenh.dll
0x00007ffdf21c0000 - 0x00007ffdf21e6000 	C:\Windows\System32\bcrypt.dll
0x00007ffdf1900000 - 0x00007ffdf1925000 	C:\Windows\SYSTEM32\USERENV.dll
0x00007ffdf1340000 - 0x00007ffdf134c000 	C:\Windows\SYSTEM32\CRYPTBASE.dll
0x00007ffdf0ee0000 - 0x00007ffdf0f1a000 	C:\Windows\SYSTEM32\IPHLPAPI.DLL
0x00007ffdf4b10000 - 0x00007ffdf4b18000 	C:\Windows\System32\NSI.dll
0x00007ffde96e0000 - 0x00007ffde96f6000 	C:\Windows\SYSTEM32\dhcpcsvc6.DLL
0x00007ffde96c0000 - 0x00007ffde96dc000 	C:\Windows\SYSTEM32\dhcpcsvc.DLL
0x00007ffdf0f20000 - 0x00007ffdf0feb000 	C:\Windows\SYSTEM32\DNSAPI.dll

VM Arguments:
jvm_args: -Xmx2048m -Dfile.encoding=windows-1252 -Duser.country=GB -Duser.language=en -Duser.variant 
java_command: org.gradle.launcher.daemon.bootstrap.GradleDaemon 6.1.1
java_class_path (initial): C:\Users\wlan\.gradle\wrapper\dists\gradle-6.1.1-all\cfmwm155h49vnt3hynmlrsdst\gradle-6.1.1\lib\gradle-launcher-6.1.1.jar
Launcher Type: SUN_STANDARD

Environment Variables:
PATH=C:\ProgramData\Oracle\Java\javapath;C:\Windows\system32;C:\Windows;C:\Windows\System32\Wbem;C:\Windows\System32\WindowsPowerShell\v1.0\;C:\Windows\System32\OpenSSH\;C:\Program Files\Git\cmd;C:\Go\bin;C:\Program Files\nodejs\;C:\Program Files\Docker\Docker\resources\bin;C:\ProgramData\DockerDesktop\version-bin;C:\Strawberry\c\bin;C:\Strawberry\perl\site\bin;C:\Strawberry\perl\bin;C:\Users\wlan\AppData\Local\Android\Sdk\platform-tools;C:\Users\wlan\AppData\Local\Microsoft\WindowsApps;;C:\Users\wlan\AppData\Local\JetBrains\IntelliJ IDEA Community Edition 2020.1\bin;
USERNAME=wlan
OS=Windows_NT
PROCESSOR_IDENTIFIER=Intel64 Family 6 Model 92 Stepping 9, GenuineIntel



---------------  S Y S T E M  ---------------

OS: Windows 10.0 , 64 bit Build 18362 (10.0.18362.959)

CPU:total 2 (initial active 2) (2 cores per cpu, 1 threads per core) family 6 model 92 stepping 9, cmov, cx8, fxsr, mmx, sse, sse2, sse3, ssse3, sse4.1, sse4.2, popcnt, aes, clmul, erms, 3dnowpref, tsc, tscinvbit

Memory: 4k page, physical 3447652k(260372k free), swap 3447652k(3140k free)

vm_info: OpenJDK 64-Bit Server VM (25.242-b01) for windows-amd64 JRE (1.8.0_242-release-1644-b01), built by "builder" with MS VC++ 10.0 (VS2010)

time: Sun Aug 23 11:28:51 2020
timezone: Co-ordinated Universal Time
elapsed time: 23 seconds (0d 0h 0m 23s)

